[2019-02-12 10:20:32.947] [INFO] console - Express server listening on :8091, in development mode
[2019-02-12 10:20:32.956] [INFO] console - mongo连接成功
[2019-02-12 10:20:32.957] [INFO] console - mongo连接打开
[2019-02-12 10:20:57.958] [INFO] console - Express server listening on :8091, in development mode
[2019-02-12 10:20:57.968] [INFO] console - mongo连接成功
[2019-02-12 10:20:57.969] [INFO] console - mongo连接打开
[2019-02-12 10:21:20.419] [INFO] console - Express server listening on :8091, in development mode
[2019-02-12 10:21:20.430] [INFO] console - mongo连接成功
[2019-02-12 10:21:20.431] [INFO] console - mongo连接打开
[2019-02-12 10:21:29.069] [INFO] console - Express server listening on :8091, in development mode
[2019-02-12 10:21:29.077] [INFO] console - mongo连接成功
[2019-02-12 10:21:29.077] [INFO] console - mongo连接打开
[2019-02-12 10:21:59.434] [INFO] console - Express server listening on :8091, in development mode
[2019-02-12 10:21:59.442] [INFO] console - mongo连接成功
[2019-02-12 10:21:59.443] [INFO] console - mongo连接打开
[2019-02-12 10:22:21.583] [INFO] console - Express server listening on :8091, in development mode
[2019-02-12 10:22:21.595] [INFO] console - mongo连接成功
[2019-02-12 10:22:21.596] [INFO] console - mongo连接打开
[2019-02-12 10:45:14.449] [INFO] console -  ********** getQueryCondition ********** 
[2019-02-12 10:45:14.450] [INFO] console - condition {}
[2019-02-12 10:45:14.451] [INFO] console -  ********** getQueryCondition ********** 
[2019-02-12 10:45:14.451] [INFO] console - 查询条件是 {}
[2019-02-12 10:45:14.459] [ERROR] console - (node:3475) DeprecationWarning: Mongoose: mpromise (mongoose's default promise library) is deprecated, plug in your own promise library instead: http://mongoosejs.com/docs/promises.html
[2019-02-12 10:46:18.819] [INFO] console -  ********** getQueryCondition ********** 
[2019-02-12 10:46:18.819] [INFO] console - condition {}
[2019-02-12 10:46:18.820] [INFO] console -  ********** getQueryCondition ********** 
[2019-02-12 10:46:18.820] [INFO] console - 查询条件是 {}
[2019-02-12 10:47:03.418] [INFO] console -  ********** getQueryCondition ********** 
[2019-02-12 10:47:03.419] [INFO] console - condition {}
[2019-02-12 10:47:03.419] [INFO] console -  ********** getQueryCondition ********** 
[2019-02-12 10:47:03.419] [INFO] console - 查询条件是 {}
[2019-02-12 10:47:04.136] [INFO] console -  ********** getQueryCondition ********** 
[2019-02-12 10:47:04.137] [INFO] console - condition {}
[2019-02-12 10:47:04.137] [INFO] console -  ********** getQueryCondition ********** 
[2019-02-12 10:47:04.137] [INFO] console - 查询条件是 {}
[2019-02-12 10:47:20.229] [INFO] console -  ********** getQueryCondition ********** 
[2019-02-12 10:47:20.229] [INFO] console - condition {}
[2019-02-12 10:47:20.229] [INFO] console -  ********** getQueryCondition ********** 
[2019-02-12 10:47:20.229] [INFO] console - 查询条件是 {}
[2019-02-12 10:47:20.375] [INFO] console -  ********** getQueryCondition ********** 
[2019-02-12 10:47:20.375] [INFO] console - condition {}
[2019-02-12 10:47:20.375] [INFO] console -  ********** getQueryCondition ********** 
[2019-02-12 10:47:20.376] [INFO] console - 查询条件是 {}
[2019-02-12 10:48:36.779] [INFO] console -  ********** getQueryCondition ********** 
[2019-02-12 10:48:36.779] [INFO] console - condition {}
[2019-02-12 10:48:36.779] [INFO] console -  ********** getQueryCondition ********** 
[2019-02-12 10:48:36.780] [INFO] console - 查询条件是 {}
[2019-02-12 10:52:55.505] [INFO] console -  ********** getQueryCondition ********** 
[2019-02-12 10:52:55.505] [INFO] console - condition {}
[2019-02-12 10:52:55.505] [INFO] console -  ********** getQueryCondition ********** 
[2019-02-12 10:52:55.505] [INFO] console - 查询条件是 {}
[2019-02-12 10:53:16.366] [INFO] console -  ********** getQueryCondition ********** 
[2019-02-12 10:53:16.366] [INFO] console - condition {}
[2019-02-12 10:53:16.366] [INFO] console -  ********** getQueryCondition ********** 
[2019-02-12 10:53:16.366] [INFO] console - 查询条件是 {}
[2019-02-12 10:54:10.476] [INFO] console -  ********** getQueryCondition ********** 
[2019-02-12 10:54:10.477] [INFO] console - condition {}
[2019-02-12 10:54:10.477] [INFO] console -  ********** getQueryCondition ********** 
[2019-02-12 10:54:10.477] [INFO] console - 查询条件是 {}
[2019-02-12 10:55:08.228] [INFO] console -  ********** getQueryCondition ********** 
[2019-02-12 10:55:08.229] [INFO] console - condition {}
[2019-02-12 10:55:08.229] [INFO] console -  ********** getQueryCondition ********** 
[2019-02-12 10:55:08.229] [INFO] console - 查询条件是 {}
[2019-02-12 10:56:43.405] [INFO] console -  ********** getQueryCondition ********** 
[2019-02-12 10:56:43.406] [INFO] console - condition {}
[2019-02-12 10:56:43.406] [INFO] console -  ********** getQueryCondition ********** 
[2019-02-12 10:56:43.406] [INFO] console - 查询条件是 {}
[2019-02-12 10:56:58.152] [INFO] console -  ********** getQueryCondition ********** 
[2019-02-12 10:56:58.152] [INFO] console - condition {}
[2019-02-12 10:56:58.152] [INFO] console -  ********** getQueryCondition ********** 
[2019-02-12 10:56:58.152] [INFO] console - 查询条件是 {}
[2019-02-12 11:04:49.720] [INFO] console -  ********** getQueryCondition ********** 
[2019-02-12 11:04:49.720] [INFO] console - condition {}
[2019-02-12 11:04:49.720] [INFO] console -  ********** getQueryCondition ********** 
[2019-02-12 11:04:49.720] [INFO] console - 查询条件是 {}
[2019-02-12 11:05:21.159] [INFO] console -  ********** getQueryCondition ********** 
[2019-02-12 11:05:21.160] [INFO] console - condition {}
[2019-02-12 11:05:21.160] [INFO] console -  ********** getQueryCondition ********** 
[2019-02-12 11:05:21.160] [INFO] console - 查询条件是 {}
[2019-02-12 11:08:23.981] [INFO] console -  ********** getQueryCondition ********** 
[2019-02-12 11:08:23.981] [INFO] console - condition {}
[2019-02-12 11:08:23.981] [INFO] console -  ********** getQueryCondition ********** 
[2019-02-12 11:08:23.981] [INFO] console - 查询条件是 {}
[2019-02-12 11:08:24.155] [INFO] console -  ********** getQueryCondition ********** 
[2019-02-12 11:08:24.156] [INFO] console - condition {}
[2019-02-12 11:08:24.156] [INFO] console -  ********** getQueryCondition ********** 
[2019-02-12 11:08:24.156] [INFO] console - 查询条件是 {}
[2019-02-12 11:10:33.911] [INFO] console - Express server listening on :8091, in development mode
[2019-02-12 11:10:33.923] [INFO] console - mongo连接成功
[2019-02-12 11:10:33.924] [INFO] console - mongo连接打开
[2019-02-12 11:16:10.974] [INFO] console -  ********** getQueryCondition ********** 
[2019-02-12 11:16:10.975] [INFO] console - condition {}
[2019-02-12 11:16:10.977] [INFO] console -  ********** getQueryCondition ********** 
[2019-02-12 11:16:10.977] [INFO] console - 查询条件是 {}
[2019-02-12 11:16:10.984] [ERROR] console - (node:4073) DeprecationWarning: Mongoose: mpromise (mongoose's default promise library) is deprecated, plug in your own promise library instead: http://mongoosejs.com/docs/promises.html
[2019-02-12 11:16:11.415] [INFO] console -  ********** getQueryCondition ********** 
[2019-02-12 11:16:11.415] [INFO] console - condition {}
[2019-02-12 11:16:11.415] [INFO] console -  ********** getQueryCondition ********** 
[2019-02-12 11:16:11.415] [INFO] console - 查询条件是 {}
[2019-02-12 11:23:11.113] [INFO] console -  ********** getQueryCondition ********** 
[2019-02-12 11:23:11.114] [INFO] console - condition {}
[2019-02-12 11:23:11.114] [INFO] console -  ********** getQueryCondition ********** 
[2019-02-12 11:23:11.114] [INFO] console - 查询条件是 {}
[2019-02-12 11:23:12.546] [INFO] console -  ********** getQueryCondition ********** 
[2019-02-12 11:23:12.546] [INFO] console - condition {}
[2019-02-12 11:23:12.546] [INFO] console -  ********** getQueryCondition ********** 
[2019-02-12 11:23:12.546] [INFO] console - 查询条件是 {}
[2019-02-12 11:24:13.453] [INFO] console -  ********** getQueryCondition ********** 
[2019-02-12 11:24:13.453] [INFO] console - condition {}
[2019-02-12 11:24:13.453] [INFO] console -  ********** getQueryCondition ********** 
[2019-02-12 11:24:13.453] [INFO] console - 查询条件是 {}
[2019-02-12 11:24:56.132] [INFO] console -  ********** getQueryCondition ********** 
[2019-02-12 11:24:56.132] [INFO] console - condition {}
[2019-02-12 11:24:56.132] [INFO] console -  ********** getQueryCondition ********** 
[2019-02-12 11:24:56.133] [INFO] console - 查询条件是 {}
[2019-02-12 11:25:11.073] [INFO] console -  ********** getQueryCondition ********** 
[2019-02-12 11:25:11.073] [INFO] console - condition {}
[2019-02-12 11:25:11.073] [INFO] console -  ********** getQueryCondition ********** 
[2019-02-12 11:25:11.073] [INFO] console - 查询条件是 {}
[2019-02-12 11:26:42.457] [INFO] console -  ********** getQueryCondition ********** 
[2019-02-12 11:26:42.458] [INFO] console - condition {}
[2019-02-12 11:26:42.458] [INFO] console -  ********** getQueryCondition ********** 
[2019-02-12 11:26:42.458] [INFO] console - 查询条件是 {}
[2019-02-12 11:28:47.100] [INFO] console -  ********** getQueryCondition ********** 
[2019-02-12 11:28:47.101] [INFO] console - condition {}
[2019-02-12 11:28:47.101] [INFO] console -  ********** getQueryCondition ********** 
[2019-02-12 11:28:47.101] [INFO] console - 查询条件是 {}
[2019-02-12 11:37:36.897] [INFO] console -  ********** getQueryCondition ********** 
[2019-02-12 11:37:36.897] [INFO] console - condition {}
[2019-02-12 11:37:36.897] [INFO] console -  ********** getQueryCondition ********** 
[2019-02-12 11:37:36.897] [INFO] console - 查询条件是 {}
[2019-02-12 11:41:37.288] [INFO] console -  ********** getQueryCondition ********** 
[2019-02-12 11:41:37.288] [INFO] console - condition {}
[2019-02-12 11:41:37.288] [INFO] console -  ********** getQueryCondition ********** 
[2019-02-12 11:41:37.288] [INFO] console - 查询条件是 {}
[2019-02-12 11:42:44.465] [INFO] console -  ********** getQueryCondition ********** 
[2019-02-12 11:42:44.465] [INFO] console - condition {}
[2019-02-12 11:42:44.465] [INFO] console -  ********** getQueryCondition ********** 
[2019-02-12 11:42:44.465] [INFO] console - 查询条件是 {}
[2019-02-12 11:50:18.546] [INFO] console -  ********** getQueryCondition ********** 
[2019-02-12 11:50:18.547] [INFO] console - condition {}
[2019-02-12 11:50:18.547] [INFO] console -  ********** getQueryCondition ********** 
[2019-02-12 11:50:18.547] [INFO] console - 查询条件是 {}
[2019-02-12 11:50:22.405] [INFO] console -  ********** getQueryCondition ********** 
[2019-02-12 11:50:22.405] [INFO] console - condition {}
[2019-02-12 11:50:22.407] [INFO] console -  ********** getQueryCondition ********** 
[2019-02-12 11:50:22.407] [INFO] console - 查询条件是 {}
[2019-02-12 11:52:36.376] [INFO] console -  ********** getQueryCondition ********** 
[2019-02-12 11:52:36.376] [INFO] console - condition {}
[2019-02-12 11:52:36.377] [INFO] console -  ********** getQueryCondition ********** 
[2019-02-12 11:52:36.377] [INFO] console - 查询条件是 {}
[2019-02-12 11:52:41.087] [INFO] console -  ********** getQueryCondition ********** 
[2019-02-12 11:52:41.087] [INFO] console - condition {}
[2019-02-12 11:52:41.087] [INFO] console -  ********** getQueryCondition ********** 
[2019-02-12 11:52:41.087] [INFO] console - 查询条件是 {}
[2019-02-12 14:09:46.101] [INFO] console -  ********** getQueryCondition ********** 
[2019-02-12 14:09:46.101] [INFO] console - condition {}
[2019-02-12 14:09:46.102] [INFO] console -  ********** getQueryCondition ********** 
[2019-02-12 14:09:46.102] [INFO] console - 查询条件是 {}
[2019-02-12 14:09:49.405] [INFO] console -  ********** getQueryCondition ********** 
[2019-02-12 14:09:49.406] [INFO] console - condition {}
[2019-02-12 14:09:49.406] [INFO] console -  ********** getQueryCondition ********** 
[2019-02-12 14:09:49.406] [INFO] console - 查询条件是 {}
[2019-02-12 14:13:16.222] [INFO] console - Express server listening on :8091, in development mode
[2019-02-12 14:13:16.230] [INFO] console - mongo连接成功
[2019-02-12 14:13:16.232] [INFO] console - mongo连接打开
[2019-02-12 14:14:28.495] [INFO] console - ******** getResFn error ******** 
[2019-02-12 14:14:28.496] [INFO] console - ReferenceError: getQueryCondition is not defined
    at getList (/Users/roger/Work/bbs/server-client/daos/subject.js:8:23)
    at Object.params [as getList] (/Users/roger/Work/bbs/server-client/utils/toSimpleObject.js:16:12)
    at /Users/roger/Work/bbs/server-client/apps/subject.js:30:26
    at Generator.next (<anonymous>)
    at onFulfilled (/Users/roger/Work/bbs/server-client/node_modules/co/index.js:65:19)
    at /Users/roger/Work/bbs/server-client/node_modules/co/index.js:54:5
    at new Promise (<anonymous>)
    at co (/Users/roger/Work/bbs/server-client/node_modules/co/index.js:50:10)
    at getList (/Users/roger/Work/bbs/server-client/apps/subject.js:28:2)
    at Layer.handle [as handle_request] (/Users/roger/Work/bbs/server-client/node_modules/express/lib/router/layer.js:95:5)
    at next (/Users/roger/Work/bbs/server-client/node_modules/express/lib/router/route.js:137:13)
    at Route.dispatch (/Users/roger/Work/bbs/server-client/node_modules/express/lib/router/route.js:112:3)
    at Layer.handle [as handle_request] (/Users/roger/Work/bbs/server-client/node_modules/express/lib/router/layer.js:95:5)
    at /Users/roger/Work/bbs/server-client/node_modules/express/lib/router/index.js:281:22
    at Function.process_params (/Users/roger/Work/bbs/server-client/node_modules/express/lib/router/index.js:335:12)
    at next (/Users/roger/Work/bbs/server-client/node_modules/express/lib/router/index.js:275:10)
    at Function.handle (/Users/roger/Work/bbs/server-client/node_modules/express/lib/router/index.js:174:3)
    at router (/Users/roger/Work/bbs/server-client/node_modules/express/lib/router/index.js:47:12)
    at Layer.handle [as handle_request] (/Users/roger/Work/bbs/server-client/node_modules/express/lib/router/layer.js:95:5)
    at trim_prefix (/Users/roger/Work/bbs/server-client/node_modules/express/lib/router/index.js:317:13)
    at /Users/roger/Work/bbs/server-client/node_modules/express/lib/router/index.js:284:7
    at Function.process_params (/Users/roger/Work/bbs/server-client/node_modules/express/lib/router/index.js:335:12)
[2019-02-12 14:14:28.501] [ERROR] console - ReferenceError: getQueryCondition is not defined
    at getList (/Users/roger/Work/bbs/server-client/daos/subject.js:8:23)
    at Object.params [as getList] (/Users/roger/Work/bbs/server-client/utils/toSimpleObject.js:16:12)
    at /Users/roger/Work/bbs/server-client/apps/subject.js:30:26
    at Generator.next (<anonymous>)
    at onFulfilled (/Users/roger/Work/bbs/server-client/node_modules/co/index.js:65:19)
    at /Users/roger/Work/bbs/server-client/node_modules/co/index.js:54:5
    at new Promise (<anonymous>)
    at co (/Users/roger/Work/bbs/server-client/node_modules/co/index.js:50:10)
    at getList (/Users/roger/Work/bbs/server-client/apps/subject.js:28:2)
    at Layer.handle [as handle_request] (/Users/roger/Work/bbs/server-client/node_modules/express/lib/router/layer.js:95:5)
    at next (/Users/roger/Work/bbs/server-client/node_modules/express/lib/router/route.js:137:13)
    at Route.dispatch (/Users/roger/Work/bbs/server-client/node_modules/express/lib/router/route.js:112:3)
    at Layer.handle [as handle_request] (/Users/roger/Work/bbs/server-client/node_modules/express/lib/router/layer.js:95:5)
    at /Users/roger/Work/bbs/server-client/node_modules/express/lib/router/index.js:281:22
    at Function.process_params (/Users/roger/Work/bbs/server-client/node_modules/express/lib/router/index.js:335:12)
    at next (/Users/roger/Work/bbs/server-client/node_modules/express/lib/router/index.js:275:10)
    at Function.handle (/Users/roger/Work/bbs/server-client/node_modules/express/lib/router/index.js:174:3)
    at router (/Users/roger/Work/bbs/server-client/node_modules/express/lib/router/index.js:47:12)
    at Layer.handle [as handle_request] (/Users/roger/Work/bbs/server-client/node_modules/express/lib/router/layer.js:95:5)
    at trim_prefix (/Users/roger/Work/bbs/server-client/node_modules/express/lib/router/index.js:317:13)
    at /Users/roger/Work/bbs/server-client/node_modules/express/lib/router/index.js:284:7
    at Function.process_params (/Users/roger/Work/bbs/server-client/node_modules/express/lib/router/index.js:335:12) 'ReferenceError: getQueryCondition is not defined\n    at getList (/Users/roger/Work/bbs/server-client/daos/subject.js:8:23)\n    at Object.params [as getList] (/Users/roger/Work/bbs/server-client/utils/toSimpleObject.js:16:12)\n    at /Users/roger/Work/bbs/server-client/apps/subject.js:30:26\n    at Generator.next (<anonymous>)\n    at onFulfilled (/Users/roger/Work/bbs/server-client/node_modules/co/index.js:65:19)\n    at /Users/roger/Work/bbs/server-client/node_modules/co/index.js:54:5\n    at new Promise (<anonymous>)\n    at co (/Users/roger/Work/bbs/server-client/node_modules/co/index.js:50:10)\n    at getList (/Users/roger/Work/bbs/server-client/apps/subject.js:28:2)\n    at Layer.handle [as handle_request] (/Users/roger/Work/bbs/server-client/node_modules/express/lib/router/layer.js:95:5)\n    at next (/Users/roger/Work/bbs/server-client/node_modules/express/lib/router/route.js:137:13)\n    at Route.dispatch (/Users/roger/Work/bbs/server-client/node_modules/express/lib/router/route.js:112:3)\n    at Layer.handle [as handle_request] (/Users/roger/Work/bbs/server-client/node_modules/express/lib/router/layer.js:95:5)\n    at /Users/roger/Work/bbs/server-client/node_modules/express/lib/router/index.js:281:22\n    at Function.process_params (/Users/roger/Work/bbs/server-client/node_modules/express/lib/router/index.js:335:12)\n    at next (/Users/roger/Work/bbs/server-client/node_modules/express/lib/router/index.js:275:10)\n    at Function.handle (/Users/roger/Work/bbs/server-client/node_modules/express/lib/router/index.js:174:3)\n    at router (/Users/roger/Work/bbs/server-client/node_modules/express/lib/router/index.js:47:12)\n    at Layer.handle [as handle_request] (/Users/roger/Work/bbs/server-client/node_modules/express/lib/router/layer.js:95:5)\n    at trim_prefix (/Users/roger/Work/bbs/server-client/node_modules/express/lib/router/index.js:317:13)\n    at /Users/roger/Work/bbs/server-client/node_modules/express/lib/router/index.js:284:7\n    at Function.process_params (/Users/roger/Work/bbs/server-client/node_modules/express/lib/router/index.js:335:12)'
[2019-02-12 14:14:28.503] [ERROR] console - (node:5546) [DEP0079] DeprecationWarning: Custom inspection function on Objects via .inspect() is deprecated
[2019-02-12 14:14:32.739] [INFO] console - ******** getResFn error ******** 
[2019-02-12 14:14:32.739] [INFO] console - ReferenceError: getQueryCondition is not defined
    at getList (/Users/roger/Work/bbs/server-client/daos/subject.js:8:23)
    at Object.params [as getList] (/Users/roger/Work/bbs/server-client/utils/toSimpleObject.js:16:12)
    at /Users/roger/Work/bbs/server-client/apps/subject.js:30:26
    at Generator.next (<anonymous>)
    at onFulfilled (/Users/roger/Work/bbs/server-client/node_modules/co/index.js:65:19)
    at /Users/roger/Work/bbs/server-client/node_modules/co/index.js:54:5
    at new Promise (<anonymous>)
    at co (/Users/roger/Work/bbs/server-client/node_modules/co/index.js:50:10)
    at getList (/Users/roger/Work/bbs/server-client/apps/subject.js:28:2)
    at Layer.handle [as handle_request] (/Users/roger/Work/bbs/server-client/node_modules/express/lib/router/layer.js:95:5)
    at next (/Users/roger/Work/bbs/server-client/node_modules/express/lib/router/route.js:137:13)
    at Route.dispatch (/Users/roger/Work/bbs/server-client/node_modules/express/lib/router/route.js:112:3)
    at Layer.handle [as handle_request] (/Users/roger/Work/bbs/server-client/node_modules/express/lib/router/layer.js:95:5)
    at /Users/roger/Work/bbs/server-client/node_modules/express/lib/router/index.js:281:22
    at Function.process_params (/Users/roger/Work/bbs/server-client/node_modules/express/lib/router/index.js:335:12)
    at next (/Users/roger/Work/bbs/server-client/node_modules/express/lib/router/index.js:275:10)
    at Function.handle (/Users/roger/Work/bbs/server-client/node_modules/express/lib/router/index.js:174:3)
    at router (/Users/roger/Work/bbs/server-client/node_modules/express/lib/router/index.js:47:12)
    at Layer.handle [as handle_request] (/Users/roger/Work/bbs/server-client/node_modules/express/lib/router/layer.js:95:5)
    at trim_prefix (/Users/roger/Work/bbs/server-client/node_modules/express/lib/router/index.js:317:13)
    at /Users/roger/Work/bbs/server-client/node_modules/express/lib/router/index.js:284:7
    at Function.process_params (/Users/roger/Work/bbs/server-client/node_modules/express/lib/router/index.js:335:12)
[2019-02-12 14:14:32.740] [ERROR] console - ReferenceError: getQueryCondition is not defined
    at getList (/Users/roger/Work/bbs/server-client/daos/subject.js:8:23)
    at Object.params [as getList] (/Users/roger/Work/bbs/server-client/utils/toSimpleObject.js:16:12)
    at /Users/roger/Work/bbs/server-client/apps/subject.js:30:26
    at Generator.next (<anonymous>)
    at onFulfilled (/Users/roger/Work/bbs/server-client/node_modules/co/index.js:65:19)
    at /Users/roger/Work/bbs/server-client/node_modules/co/index.js:54:5
    at new Promise (<anonymous>)
    at co (/Users/roger/Work/bbs/server-client/node_modules/co/index.js:50:10)
    at getList (/Users/roger/Work/bbs/server-client/apps/subject.js:28:2)
    at Layer.handle [as handle_request] (/Users/roger/Work/bbs/server-client/node_modules/express/lib/router/layer.js:95:5)
    at next (/Users/roger/Work/bbs/server-client/node_modules/express/lib/router/route.js:137:13)
    at Route.dispatch (/Users/roger/Work/bbs/server-client/node_modules/express/lib/router/route.js:112:3)
    at Layer.handle [as handle_request] (/Users/roger/Work/bbs/server-client/node_modules/express/lib/router/layer.js:95:5)
    at /Users/roger/Work/bbs/server-client/node_modules/express/lib/router/index.js:281:22
    at Function.process_params (/Users/roger/Work/bbs/server-client/node_modules/express/lib/router/index.js:335:12)
    at next (/Users/roger/Work/bbs/server-client/node_modules/express/lib/router/index.js:275:10)
    at Function.handle (/Users/roger/Work/bbs/server-client/node_modules/express/lib/router/index.js:174:3)
    at router (/Users/roger/Work/bbs/server-client/node_modules/express/lib/router/index.js:47:12)
    at Layer.handle [as handle_request] (/Users/roger/Work/bbs/server-client/node_modules/express/lib/router/layer.js:95:5)
    at trim_prefix (/Users/roger/Work/bbs/server-client/node_modules/express/lib/router/index.js:317:13)
    at /Users/roger/Work/bbs/server-client/node_modules/express/lib/router/index.js:284:7
    at Function.process_params (/Users/roger/Work/bbs/server-client/node_modules/express/lib/router/index.js:335:12) 'ReferenceError: getQueryCondition is not defined\n    at getList (/Users/roger/Work/bbs/server-client/daos/subject.js:8:23)\n    at Object.params [as getList] (/Users/roger/Work/bbs/server-client/utils/toSimpleObject.js:16:12)\n    at /Users/roger/Work/bbs/server-client/apps/subject.js:30:26\n    at Generator.next (<anonymous>)\n    at onFulfilled (/Users/roger/Work/bbs/server-client/node_modules/co/index.js:65:19)\n    at /Users/roger/Work/bbs/server-client/node_modules/co/index.js:54:5\n    at new Promise (<anonymous>)\n    at co (/Users/roger/Work/bbs/server-client/node_modules/co/index.js:50:10)\n    at getList (/Users/roger/Work/bbs/server-client/apps/subject.js:28:2)\n    at Layer.handle [as handle_request] (/Users/roger/Work/bbs/server-client/node_modules/express/lib/router/layer.js:95:5)\n    at next (/Users/roger/Work/bbs/server-client/node_modules/express/lib/router/route.js:137:13)\n    at Route.dispatch (/Users/roger/Work/bbs/server-client/node_modules/express/lib/router/route.js:112:3)\n    at Layer.handle [as handle_request] (/Users/roger/Work/bbs/server-client/node_modules/express/lib/router/layer.js:95:5)\n    at /Users/roger/Work/bbs/server-client/node_modules/express/lib/router/index.js:281:22\n    at Function.process_params (/Users/roger/Work/bbs/server-client/node_modules/express/lib/router/index.js:335:12)\n    at next (/Users/roger/Work/bbs/server-client/node_modules/express/lib/router/index.js:275:10)\n    at Function.handle (/Users/roger/Work/bbs/server-client/node_modules/express/lib/router/index.js:174:3)\n    at router (/Users/roger/Work/bbs/server-client/node_modules/express/lib/router/index.js:47:12)\n    at Layer.handle [as handle_request] (/Users/roger/Work/bbs/server-client/node_modules/express/lib/router/layer.js:95:5)\n    at trim_prefix (/Users/roger/Work/bbs/server-client/node_modules/express/lib/router/index.js:317:13)\n    at /Users/roger/Work/bbs/server-client/node_modules/express/lib/router/index.js:284:7\n    at Function.process_params (/Users/roger/Work/bbs/server-client/node_modules/express/lib/router/index.js:335:12)'
[2019-02-12 14:15:53.524] [INFO] console - Express server listening on :8091, in development mode
[2019-02-12 14:15:53.536] [INFO] console - mongo连接成功
[2019-02-12 14:15:53.537] [INFO] console - mongo连接打开
[2019-02-12 14:16:11.041] [INFO] console -  ********** getQueryCondition ********** 
[2019-02-12 14:16:11.041] [INFO] console - condition {}
[2019-02-12 14:16:11.042] [INFO] console -  ********** getQueryCondition ********** 
[2019-02-12 14:16:11.042] [INFO] console - 查询条件是 {}
[2019-02-12 14:16:11.046] [ERROR] console - (node:5583) DeprecationWarning: Mongoose: mpromise (mongoose's default promise library) is deprecated, plug in your own promise library instead: http://mongoosejs.com/docs/promises.html
[2019-02-12 14:18:30.484] [INFO] console -  ********** getQueryCondition ********** 
[2019-02-12 14:18:30.485] [INFO] console - condition {}
[2019-02-12 14:18:30.486] [INFO] console -  ********** getQueryCondition ********** 
[2019-02-12 14:18:30.486] [INFO] console - 查询条件是 {}
[2019-02-12 14:18:36.034] [INFO] console -  ********** getQueryCondition ********** 
[2019-02-12 14:18:36.034] [INFO] console - condition {}
[2019-02-12 14:18:36.034] [INFO] console -  ********** getQueryCondition ********** 
[2019-02-12 14:18:36.034] [INFO] console - 查询条件是 {}
[2019-02-12 14:22:25.102] [INFO] console - Express server listening on :8091, in development mode
[2019-02-12 14:22:25.114] [INFO] console - mongo连接成功
[2019-02-12 14:22:25.114] [INFO] console - mongo连接打开
[2019-02-12 14:24:01.214] [INFO] console - ******** getResFn error ******** 
[2019-02-12 14:24:01.215] [INFO] console - Error: e_params
    at /Users/roger/Work/bbs/server-client/utils/validate.js:18:10
    at arrayEach (/Users/roger/Work/bbs/server-client/node_modules/lodash/lodash.js:516:11)
    at Function.forEach (/Users/roger/Work/bbs/server-client/node_modules/lodash/lodash.js:9344:14)
    at Object.isParamsLost (/Users/roger/Work/bbs/server-client/utils/validate.js:13:11)
    at /Users/roger/Work/bbs/server-client/apps/post/index.js:11:18
    at Generator.next (<anonymous>)
    at onFulfilled (/Users/roger/Work/bbs/server-client/node_modules/co/index.js:65:19)
    at /Users/roger/Work/bbs/server-client/node_modules/co/index.js:54:5
    at new Promise (<anonymous>)
    at co (/Users/roger/Work/bbs/server-client/node_modules/co/index.js:50:10)
    at create (/Users/roger/Work/bbs/server-client/apps/post/index.js:9:2)
    at Layer.handle [as handle_request] (/Users/roger/Work/bbs/server-client/node_modules/express/lib/router/layer.js:95:5)
    at next (/Users/roger/Work/bbs/server-client/node_modules/express/lib/router/route.js:137:13)
    at Route.dispatch (/Users/roger/Work/bbs/server-client/node_modules/express/lib/router/route.js:112:3)
    at Layer.handle [as handle_request] (/Users/roger/Work/bbs/server-client/node_modules/express/lib/router/layer.js:95:5)
    at /Users/roger/Work/bbs/server-client/node_modules/express/lib/router/index.js:281:22
    at Function.process_params (/Users/roger/Work/bbs/server-client/node_modules/express/lib/router/index.js:335:12)
    at next (/Users/roger/Work/bbs/server-client/node_modules/express/lib/router/index.js:275:10)
    at Function.handle (/Users/roger/Work/bbs/server-client/node_modules/express/lib/router/index.js:174:3)
    at router (/Users/roger/Work/bbs/server-client/node_modules/express/lib/router/index.js:47:12)
    at Layer.handle [as handle_request] (/Users/roger/Work/bbs/server-client/node_modules/express/lib/router/layer.js:95:5)
    at trim_prefix (/Users/roger/Work/bbs/server-client/node_modules/express/lib/router/index.js:317:13)
[2019-02-12 14:24:01.222] [ERROR] console - Error: e_params
    at /Users/roger/Work/bbs/server-client/utils/validate.js:18:10
    at arrayEach (/Users/roger/Work/bbs/server-client/node_modules/lodash/lodash.js:516:11)
    at Function.forEach (/Users/roger/Work/bbs/server-client/node_modules/lodash/lodash.js:9344:14)
    at Object.isParamsLost (/Users/roger/Work/bbs/server-client/utils/validate.js:13:11)
    at /Users/roger/Work/bbs/server-client/apps/post/index.js:11:18
    at Generator.next (<anonymous>)
    at onFulfilled (/Users/roger/Work/bbs/server-client/node_modules/co/index.js:65:19)
    at /Users/roger/Work/bbs/server-client/node_modules/co/index.js:54:5
    at new Promise (<anonymous>)
    at co (/Users/roger/Work/bbs/server-client/node_modules/co/index.js:50:10)
    at create (/Users/roger/Work/bbs/server-client/apps/post/index.js:9:2)
    at Layer.handle [as handle_request] (/Users/roger/Work/bbs/server-client/node_modules/express/lib/router/layer.js:95:5)
    at next (/Users/roger/Work/bbs/server-client/node_modules/express/lib/router/route.js:137:13)
    at Route.dispatch (/Users/roger/Work/bbs/server-client/node_modules/express/lib/router/route.js:112:3)
    at Layer.handle [as handle_request] (/Users/roger/Work/bbs/server-client/node_modules/express/lib/router/layer.js:95:5)
    at /Users/roger/Work/bbs/server-client/node_modules/express/lib/router/index.js:281:22
    at Function.process_params (/Users/roger/Work/bbs/server-client/node_modules/express/lib/router/index.js:335:12)
    at next (/Users/roger/Work/bbs/server-client/node_modules/express/lib/router/index.js:275:10)
    at Function.handle (/Users/roger/Work/bbs/server-client/node_modules/express/lib/router/index.js:174:3)
    at router (/Users/roger/Work/bbs/server-client/node_modules/express/lib/router/index.js:47:12)
    at Layer.handle [as handle_request] (/Users/roger/Work/bbs/server-client/node_modules/express/lib/router/layer.js:95:5)
    at trim_prefix (/Users/roger/Work/bbs/server-client/node_modules/express/lib/router/index.js:317:13) 'Error: e_params\n    at /Users/roger/Work/bbs/server-client/utils/validate.js:18:10\n    at arrayEach (/Users/roger/Work/bbs/server-client/node_modules/lodash/lodash.js:516:11)\n    at Function.forEach (/Users/roger/Work/bbs/server-client/node_modules/lodash/lodash.js:9344:14)\n    at Object.isParamsLost (/Users/roger/Work/bbs/server-client/utils/validate.js:13:11)\n    at /Users/roger/Work/bbs/server-client/apps/post/index.js:11:18\n    at Generator.next (<anonymous>)\n    at onFulfilled (/Users/roger/Work/bbs/server-client/node_modules/co/index.js:65:19)\n    at /Users/roger/Work/bbs/server-client/node_modules/co/index.js:54:5\n    at new Promise (<anonymous>)\n    at co (/Users/roger/Work/bbs/server-client/node_modules/co/index.js:50:10)\n    at create (/Users/roger/Work/bbs/server-client/apps/post/index.js:9:2)\n    at Layer.handle [as handle_request] (/Users/roger/Work/bbs/server-client/node_modules/express/lib/router/layer.js:95:5)\n    at next (/Users/roger/Work/bbs/server-client/node_modules/express/lib/router/route.js:137:13)\n    at Route.dispatch (/Users/roger/Work/bbs/server-client/node_modules/express/lib/router/route.js:112:3)\n    at Layer.handle [as handle_request] (/Users/roger/Work/bbs/server-client/node_modules/express/lib/router/layer.js:95:5)\n    at /Users/roger/Work/bbs/server-client/node_modules/express/lib/router/index.js:281:22\n    at Function.process_params (/Users/roger/Work/bbs/server-client/node_modules/express/lib/router/index.js:335:12)\n    at next (/Users/roger/Work/bbs/server-client/node_modules/express/lib/router/index.js:275:10)\n    at Function.handle (/Users/roger/Work/bbs/server-client/node_modules/express/lib/router/index.js:174:3)\n    at router (/Users/roger/Work/bbs/server-client/node_modules/express/lib/router/index.js:47:12)\n    at Layer.handle [as handle_request] (/Users/roger/Work/bbs/server-client/node_modules/express/lib/router/layer.js:95:5)\n    at trim_prefix (/Users/roger/Work/bbs/server-client/node_modules/express/lib/router/index.js:317:13)'
[2019-02-12 14:24:01.223] [ERROR] console - (node:5813) [DEP0079] DeprecationWarning: Custom inspection function on Objects via .inspect() is deprecated
[2019-02-12 14:24:52.273] [INFO] console -  ********** getQueryCondition ********** 
[2019-02-12 14:24:52.273] [INFO] console - condition {}
[2019-02-12 14:24:52.274] [INFO] console -  ********** getQueryCondition ********** 
[2019-02-12 14:24:52.275] [INFO] console - 查询条件是 {}
[2019-02-12 14:24:52.282] [ERROR] console - (node:5813) DeprecationWarning: Mongoose: mpromise (mongoose's default promise library) is deprecated, plug in your own promise library instead: http://mongoosejs.com/docs/promises.html
[2019-02-12 14:24:57.066] [INFO] console - 创建对象 { content: 'testpost',
  title: 'testtitle',
  images: '[]',
  subjectId: '5c52aab0e967ad2959792c71',
  authorId: 'abcde',
  createTime: 1549952697066 }
[2019-02-12 14:30:06.957] [INFO] console - Express server listening on :8091, in development mode
[2019-02-12 14:30:06.964] [INFO] console - mongo连接成功
[2019-02-12 14:30:06.965] [INFO] console - mongo连接打开
[2019-02-12 14:31:35.863] [INFO] console - 创建对象 { content: 'testpost22',
  title: 'testtitle22',
  images: '[]',
  subjectId: '5c52aab0e967ad2959792c71',
  authorId: 'abcde',
  createTime: 1549953095863 }
[2019-02-12 14:31:35.873] [ERROR] console - (node:6006) DeprecationWarning: Mongoose: mpromise (mongoose's default promise library) is deprecated, plug in your own promise library instead: http://mongoosejs.com/docs/promises.html
[2019-02-12 14:33:39.236] [INFO] console -  ********** getQueryCondition ********** 
[2019-02-12 14:33:39.236] [INFO] console - condition {}
[2019-02-12 14:33:39.236] [INFO] console -  ********** getQueryCondition ********** 
[2019-02-12 14:33:39.236] [INFO] console - 查询条件是 {}
[2019-02-12 14:36:45.704] [INFO] console -  ********** getQueryCondition ********** 
[2019-02-12 14:36:45.705] [INFO] console - condition {}
[2019-02-12 14:36:45.705] [INFO] console -  ********** getQueryCondition ********** 
[2019-02-12 14:36:45.705] [INFO] console - 查询条件是 {}
[2019-02-12 14:38:44.022] [INFO] console -  ********** getQueryCondition ********** 
[2019-02-12 14:38:44.022] [INFO] console - condition {}
[2019-02-12 14:38:44.022] [INFO] console -  ********** getQueryCondition ********** 
[2019-02-12 14:38:44.022] [INFO] console - 查询条件是 {}
[2019-02-12 14:42:31.946] [INFO] console -  ********** getQueryCondition ********** 
[2019-02-12 14:42:31.946] [INFO] console - condition {}
[2019-02-12 14:42:31.946] [INFO] console -  ********** getQueryCondition ********** 
[2019-02-12 14:42:31.946] [INFO] console - 查询条件是 {}
[2019-02-12 14:43:20.087] [INFO] console -  ********** getQueryCondition ********** 
[2019-02-12 14:43:20.087] [INFO] console - condition {}
[2019-02-12 14:43:20.087] [INFO] console -  ********** getQueryCondition ********** 
[2019-02-12 14:43:20.088] [INFO] console - 查询条件是 {}
[2019-02-12 14:43:27.598] [INFO] console -  ********** getQueryCondition ********** 
[2019-02-12 14:43:27.598] [INFO] console - condition {}
[2019-02-12 14:43:27.598] [INFO] console -  ********** getQueryCondition ********** 
[2019-02-12 14:43:27.598] [INFO] console - 查询条件是 {}
[2019-02-12 14:46:48.676] [INFO] console - Express server listening on :8091, in development mode
[2019-02-12 14:46:48.684] [INFO] console - mongo连接成功
[2019-02-12 14:46:48.685] [INFO] console - mongo连接打开
[2019-02-12 14:46:53.097] [INFO] console -  ********** getQueryCondition ********** 
[2019-02-12 14:46:53.097] [INFO] console - condition {}
[2019-02-12 14:46:53.098] [INFO] console -  ********** getQueryCondition ********** 
[2019-02-12 14:46:53.098] [INFO] console - 查询条件是 {}
[2019-02-12 14:46:53.103] [ERROR] console - (node:6271) DeprecationWarning: Mongoose: mpromise (mongoose's default promise library) is deprecated, plug in your own promise library instead: http://mongoosejs.com/docs/promises.html
[2019-02-12 14:48:10.658] [INFO] console - ******** getResFn error ******** 
[2019-02-12 14:48:10.658] [INFO] console - TypeError: dao.getOne is not a function
    at /Users/roger/Work/bbs/server-client/apps/post/app.js:41:24
    at Generator.next (<anonymous>)
    at onFulfilled (/Users/roger/Work/bbs/server-client/node_modules/co/index.js:65:19)
[2019-02-12 14:48:10.659] [ERROR] console - TypeError: dao.getOne is not a function
    at /Users/roger/Work/bbs/server-client/apps/post/app.js:41:24
    at Generator.next (<anonymous>)
    at onFulfilled (/Users/roger/Work/bbs/server-client/node_modules/co/index.js:65:19) 'TypeError: dao.getOne is not a function\n    at /Users/roger/Work/bbs/server-client/apps/post/app.js:41:24\n    at Generator.next (<anonymous>)\n    at onFulfilled (/Users/roger/Work/bbs/server-client/node_modules/co/index.js:65:19)'
[2019-02-12 14:48:10.660] [ERROR] console - (node:6271) [DEP0079] DeprecationWarning: Custom inspection function on Objects via .inspect() is deprecated
[2019-02-12 14:48:24.617] [INFO] console -  ********** getQueryCondition ********** 
[2019-02-12 14:48:24.617] [INFO] console - condition {}
[2019-02-12 14:48:24.617] [INFO] console -  ********** getQueryCondition ********** 
[2019-02-12 14:48:24.617] [INFO] console - 查询条件是 {}
[2019-02-12 14:48:30.240] [INFO] console -  ********** getQueryCondition ********** 
[2019-02-12 14:48:30.240] [INFO] console - condition {}
[2019-02-12 14:48:30.240] [INFO] console -  ********** getQueryCondition ********** 
[2019-02-12 14:48:30.240] [INFO] console - 查询条件是 {}
[2019-02-12 14:48:38.531] [INFO] console - Express server listening on :8091, in development mode
[2019-02-12 14:48:38.543] [INFO] console - mongo连接成功
[2019-02-12 14:48:38.544] [INFO] console - mongo连接打开
[2019-02-12 14:48:40.699] [INFO] console - 查询条件是 { _id: '5c626847d3c35676171aa1d2' }
[2019-02-12 14:48:40.706] [ERROR] console - (node:6343) DeprecationWarning: Mongoose: mpromise (mongoose's default promise library) is deprecated, plug in your own promise library instead: http://mongoosejs.com/docs/promises.html
[2019-02-12 14:49:44.803] [INFO] console -  ********** getQueryCondition ********** 
[2019-02-12 14:49:44.803] [INFO] console - condition {}
[2019-02-12 14:49:44.803] [INFO] console -  ********** getQueryCondition ********** 
[2019-02-12 14:49:44.803] [INFO] console - 查询条件是 {}
[2019-02-12 14:49:52.597] [INFO] console -  ********** getQueryCondition ********** 
[2019-02-12 14:49:52.597] [INFO] console - condition {}
[2019-02-12 14:49:52.597] [INFO] console -  ********** getQueryCondition ********** 
[2019-02-12 14:49:52.597] [INFO] console - 查询条件是 {}
[2019-02-12 14:50:21.218] [INFO] console - 创建对象 { content: 'testpost22',
  title: 'testtitle22',
  images: '"abc"',
  subjectId: '5c52aab0e967ad2959792c71',
  authorId: 'abcde',
  createTime: 1549954221218 }
[2019-02-12 14:50:23.789] [INFO] console -  ********** getQueryCondition ********** 
[2019-02-12 14:50:23.789] [INFO] console - condition {}
[2019-02-12 14:50:23.789] [INFO] console -  ********** getQueryCondition ********** 
[2019-02-12 14:50:23.789] [INFO] console - 查询条件是 {}
[2019-02-12 14:52:32.331] [INFO] console - 创建对象 { content: 'testpost223',
  title: 'testtitle223',
  images: '["abc"]',
  subjectId: '5c52aab0e967ad2959792c71',
  authorId: 'abcde',
  createTime: 1549954352331 }
[2019-02-12 14:52:35.539] [INFO] console -  ********** getQueryCondition ********** 
[2019-02-12 14:52:35.540] [INFO] console - condition {}
[2019-02-12 14:52:35.540] [INFO] console -  ********** getQueryCondition ********** 
[2019-02-12 14:52:35.540] [INFO] console - 查询条件是 {}
[2019-02-12 14:55:51.256] [INFO] console - 创建对象 { content: 'testpost223',
  title: 'testtitle223',
  images: 'abc,qwe,bvc',
  subjectId: '5c52aab0e967ad2959792c71',
  authorId: 'abcde',
  createTime: 1549954551256 }
[2019-02-12 14:55:54.310] [INFO] console -  ********** getQueryCondition ********** 
[2019-02-12 14:55:54.310] [INFO] console - condition {}
[2019-02-12 14:55:54.310] [INFO] console -  ********** getQueryCondition ********** 
[2019-02-12 14:55:54.310] [INFO] console - 查询条件是 {}
[2019-02-12 15:00:48.481] [INFO] console - Express server listening on :8091, in development mode
[2019-02-12 15:00:48.491] [INFO] console - mongo连接成功
[2019-02-12 15:00:48.493] [INFO] console - mongo连接打开
[2019-02-12 15:01:26.806] [INFO] console - 创建对象 { content: 'testpost2234',
  title: 'testtitle2235',
  images: '["abc"]',
  subjectId: '5c52aab0e967ad2959792c71',
  authorId: 'abcde',
  createTime: 1549954886806 }
[2019-02-12 15:01:26.815] [ERROR] console - (node:6490) DeprecationWarning: Mongoose: mpromise (mongoose's default promise library) is deprecated, plug in your own promise library instead: http://mongoosejs.com/docs/promises.html
[2019-02-12 15:01:59.900] [INFO] console - Express server listening on :8091, in development mode
[2019-02-12 15:01:59.911] [INFO] console - mongo连接成功
[2019-02-12 15:01:59.913] [INFO] console - mongo连接打开
[2019-02-12 15:02:15.663] [INFO] console - 创建对象 { content: 'testpost2234',
  title: 'testtitle2235',
  images: [ 'abc' ],
  subjectId: '5c52aab0e967ad2959792c71',
  authorId: 'abcde',
  createTime: 1549954935663 }
[2019-02-12 15:02:15.674] [ERROR] console - (node:6510) DeprecationWarning: Mongoose: mpromise (mongoose's default promise library) is deprecated, plug in your own promise library instead: http://mongoosejs.com/docs/promises.html
[2019-02-12 15:02:20.742] [INFO] console -  ********** getQueryCondition ********** 
[2019-02-12 15:02:20.744] [INFO] console - condition {}
[2019-02-12 15:02:20.747] [INFO] console -  ********** getQueryCondition ********** 
[2019-02-12 15:02:20.751] [INFO] console - 查询条件是 {}
[2019-02-12 15:04:14.925] [INFO] console - Express server listening on :8091, in development mode
[2019-02-12 15:04:14.934] [INFO] console - mongo连接成功
[2019-02-12 15:04:14.936] [INFO] console - mongo连接打开
[2019-02-12 15:04:27.993] [INFO] console - 查询条件是 { _id: '5c626847d3c35676171aa1d2' }
[2019-02-12 15:04:28.003] [ERROR] console - (node:6580) DeprecationWarning: Mongoose: mpromise (mongoose's default promise library) is deprecated, plug in your own promise library instead: http://mongoosejs.com/docs/promises.html
[2019-02-12 15:04:35.352] [INFO] console - 删除条件是 { _id: '5c626847d3c35676171aa1d2' }
[2019-02-12 15:04:35.355] [INFO] console - ******** getResFn error ******** 
[2019-02-12 15:04:35.358] [INFO] console - TypeError: findOneAndRemove(...).exec is not a function
    at deleteOne (/Users/roger/Work/bbs/server-client/apps/post/dao.js:18:37)
    at Object.params [as deleteOne] (/Users/roger/Work/bbs/server-client/utils/toSimpleObject.js:16:12)
    at /Users/roger/Work/bbs/server-client/apps/post/app.js:51:25
    at Generator.next (<anonymous>)
    at onFulfilled (/Users/roger/Work/bbs/server-client/node_modules/co/index.js:65:19)
    at process._tickCallback (internal/process/next_tick.js:68:7)
[2019-02-12 15:04:35.362] [ERROR] console - TypeError: findOneAndRemove(...).exec is not a function
    at deleteOne (/Users/roger/Work/bbs/server-client/apps/post/dao.js:18:37)
    at Object.params [as deleteOne] (/Users/roger/Work/bbs/server-client/utils/toSimpleObject.js:16:12)
    at /Users/roger/Work/bbs/server-client/apps/post/app.js:51:25
    at Generator.next (<anonymous>)
    at onFulfilled (/Users/roger/Work/bbs/server-client/node_modules/co/index.js:65:19)
    at process._tickCallback (internal/process/next_tick.js:68:7) 'TypeError: findOneAndRemove(...).exec is not a function\n    at deleteOne (/Users/roger/Work/bbs/server-client/apps/post/dao.js:18:37)\n    at Object.params [as deleteOne] (/Users/roger/Work/bbs/server-client/utils/toSimpleObject.js:16:12)\n    at /Users/roger/Work/bbs/server-client/apps/post/app.js:51:25\n    at Generator.next (<anonymous>)\n    at onFulfilled (/Users/roger/Work/bbs/server-client/node_modules/co/index.js:65:19)\n    at process._tickCallback (internal/process/next_tick.js:68:7)'
[2019-02-12 15:04:35.366] [ERROR] console - (node:6580) [DEP0079] DeprecationWarning: Custom inspection function on Objects via .inspect() is deprecated
[2019-02-12 15:05:08.145] [INFO] console - Express server listening on :8091, in development mode
[2019-02-12 15:05:08.155] [INFO] console - mongo连接成功
[2019-02-12 15:05:08.156] [INFO] console - mongo连接打开
[2019-02-12 15:05:15.576] [INFO] console - 查询条件是 { _id: '5c626847d3c35676171aa1d2' }
[2019-02-12 15:05:22.595] [INFO] console - Express server listening on :8091, in development mode
[2019-02-12 15:05:22.603] [INFO] console - mongo连接成功
[2019-02-12 15:05:22.605] [INFO] console - mongo连接打开
[2019-02-12 15:07:11.234] [INFO] console - Express server listening on :8091, in development mode
[2019-02-12 15:07:11.243] [INFO] console - mongo连接成功
[2019-02-12 15:07:11.244] [INFO] console - mongo连接打开
[2019-02-12 15:07:12.340] [INFO] console - 查询条件是 { _id: '5c626847d3c35676171aa1d2' }
[2019-02-12 15:07:12.356] [ERROR] console - (node:6672) DeprecationWarning: Mongoose: mpromise (mongoose's default promise library) is deprecated, plug in your own promise library instead: http://mongoosejs.com/docs/promises.html
[2019-02-12 15:09:04.868] [INFO] console - Express server listening on :8091, in development mode
[2019-02-12 15:09:04.878] [INFO] console - mongo连接成功
[2019-02-12 15:09:04.881] [INFO] console - mongo连接打开
[2019-02-12 15:09:23.163] [INFO] console - Express server listening on :8091, in development mode
[2019-02-12 15:09:23.174] [INFO] console - mongo连接成功
[2019-02-12 15:09:23.176] [INFO] console - mongo连接打开
[2019-02-12 15:09:28.702] [INFO] console -  ********** getQueryCondition ********** 
[2019-02-12 15:09:28.704] [INFO] console - condition {}
[2019-02-12 15:09:28.707] [INFO] console -  ********** getQueryCondition ********** 
[2019-02-12 15:09:28.710] [INFO] console - 查询条件是 {}
[2019-02-12 15:09:28.717] [ERROR] console - (node:6768) DeprecationWarning: Mongoose: mpromise (mongoose's default promise library) is deprecated, plug in your own promise library instead: http://mongoosejs.com/docs/promises.html
[2019-02-12 15:09:33.081] [INFO] console - 查询条件是 { _id: '5c626f77cea3416e194fb9c0' }
[2019-02-12 15:10:10.574] [INFO] console - Express server listening on :8091, in development mode
[2019-02-12 15:10:10.589] [INFO] console - mongo连接成功
[2019-02-12 15:10:10.591] [INFO] console - mongo连接打开
[2019-02-12 15:10:32.193] [INFO] console - 查询条件是 { _id: '5c626f77cea3416e194fb9c0' }
[2019-02-12 15:10:41.128] [INFO] console - Express server listening on :8091, in development mode
[2019-02-12 15:10:41.140] [INFO] console - mongo连接成功
[2019-02-12 15:10:41.142] [INFO] console - mongo连接打开
[2019-02-12 15:11:00.189] [INFO] console - Express server listening on :8091, in development mode
[2019-02-12 15:11:00.200] [INFO] console - mongo连接成功
[2019-02-12 15:11:00.202] [INFO] console - mongo连接打开
[2019-02-12 15:11:03.385] [INFO] console - 查询条件是 { _id: '5c626f77cea3416e194fb9c0' }
[2019-02-12 15:11:03.881] [INFO] console - 查询条件是 { _id: '5c626f77cea3416e194fb9c0' }
[2019-02-12 15:11:03.888] [ERROR] console - (node:6835) DeprecationWarning: Mongoose: mpromise (mongoose's default promise library) is deprecated, plug in your own promise library instead: http://mongoosejs.com/docs/promises.html
[2019-02-12 15:11:27.835] [INFO] console - Express server listening on :8091, in development mode
[2019-02-12 15:11:27.844] [INFO] console - mongo连接成功
[2019-02-12 15:11:27.846] [INFO] console - mongo连接打开
[2019-02-12 15:11:43.449] [INFO] console - 删除条件是 { _id: '5c626f77cea3416e194fb9c0' }
[2019-02-12 15:11:43.458] [ERROR] console - (node:6864) DeprecationWarning: Mongoose: mpromise (mongoose's default promise library) is deprecated, plug in your own promise library instead: http://mongoosejs.com/docs/promises.html
[2019-02-12 15:11:48.873] [INFO] console - ******** getResFn error ******** 
[2019-02-12 15:11:48.875] [INFO] console - TypeError: ops.findOne is not a function
    at getOne (/Users/roger/Work/bbs/server-client/apps/post/dao.js:22:13)
    at Object.params [as getOne] (/Users/roger/Work/bbs/server-client/utils/toSimpleObject.js:16:12)
    at /Users/roger/Work/bbs/server-client/apps/post/app.js:42:24
    at Generator.next (<anonymous>)
    at onFulfilled (/Users/roger/Work/bbs/server-client/node_modules/co/index.js:65:19)
[2019-02-12 15:11:48.879] [ERROR] console - TypeError: ops.findOne is not a function
    at getOne (/Users/roger/Work/bbs/server-client/apps/post/dao.js:22:13)
    at Object.params [as getOne] (/Users/roger/Work/bbs/server-client/utils/toSimpleObject.js:16:12)
    at /Users/roger/Work/bbs/server-client/apps/post/app.js:42:24
    at Generator.next (<anonymous>)
    at onFulfilled (/Users/roger/Work/bbs/server-client/node_modules/co/index.js:65:19) 'TypeError: ops.findOne is not a function\n    at getOne (/Users/roger/Work/bbs/server-client/apps/post/dao.js:22:13)\n    at Object.params [as getOne] (/Users/roger/Work/bbs/server-client/utils/toSimpleObject.js:16:12)\n    at /Users/roger/Work/bbs/server-client/apps/post/app.js:42:24\n    at Generator.next (<anonymous>)\n    at onFulfilled (/Users/roger/Work/bbs/server-client/node_modules/co/index.js:65:19)'
[2019-02-12 15:11:48.882] [ERROR] console - (node:6864) [DEP0079] DeprecationWarning: Custom inspection function on Objects via .inspect() is deprecated
[2019-02-12 15:12:37.083] [INFO] console - Express server listening on :8091, in development mode
[2019-02-12 15:12:37.105] [INFO] console - mongo连接成功
[2019-02-12 15:12:37.107] [INFO] console - mongo连接打开
[2019-02-12 15:12:38.684] [INFO] console - 查询条件是 { _id: '5c626f77cea3416e194fb9c0' }
[2019-02-12 15:12:38.693] [ERROR] console - (node:6908) DeprecationWarning: Mongoose: mpromise (mongoose's default promise library) is deprecated, plug in your own promise library instead: http://mongoosejs.com/docs/promises.html
[2019-02-12 15:12:50.771] [INFO] console - 查询条件是 { _id: '5c626f46587f3c5a191967f5' }
[2019-02-12 15:14:11.350] [INFO] console - Express server listening on :8091, in development mode
[2019-02-12 15:14:11.386] [INFO] console - mongo连接成功
[2019-02-12 15:14:11.391] [INFO] console - mongo连接打开
[2019-02-12 15:14:13.302] [INFO] console - 查询条件是 { _id: '5c626f46587f3c5a191967f5' }
[2019-02-12 15:14:13.309] [INFO] console - ******** getResFn error ******** 
[2019-02-12 15:14:13.311] [INFO] console - TypeError: Cannot read property 'then' of undefined
    at Object.params [as getOne] (/Users/roger/Work/bbs/server-client/utils/toSimpleObject.js:16:24)
    at /Users/roger/Work/bbs/server-client/apps/post/app.js:42:24
    at Generator.next (<anonymous>)
    at onFulfilled (/Users/roger/Work/bbs/server-client/node_modules/co/index.js:65:19)
[2019-02-12 15:14:13.320] [ERROR] console - TypeError: Cannot read property 'then' of undefined
    at Object.params [as getOne] (/Users/roger/Work/bbs/server-client/utils/toSimpleObject.js:16:24)
    at /Users/roger/Work/bbs/server-client/apps/post/app.js:42:24
    at Generator.next (<anonymous>)
    at onFulfilled (/Users/roger/Work/bbs/server-client/node_modules/co/index.js:65:19) 'TypeError: Cannot read property \'then\' of undefined\n    at Object.params [as getOne] (/Users/roger/Work/bbs/server-client/utils/toSimpleObject.js:16:24)\n    at /Users/roger/Work/bbs/server-client/apps/post/app.js:42:24\n    at Generator.next (<anonymous>)\n    at onFulfilled (/Users/roger/Work/bbs/server-client/node_modules/co/index.js:65:19)'
[2019-02-12 15:14:13.325] [ERROR] console - (node:6944) [DEP0079] DeprecationWarning: Custom inspection function on Objects via .inspect() is deprecated
[2019-02-12 15:14:58.457] [INFO] console - Express server listening on :8091, in development mode
[2019-02-12 15:14:58.466] [INFO] console - mongo连接成功
[2019-02-12 15:14:58.467] [INFO] console - mongo连接打开
[2019-02-12 15:14:59.843] [INFO] console - 查询条件是 { _id: '5c626f46587f3c5a191967f5' }
[2019-02-12 15:14:59.850] [INFO] console - ******** getResFn error ******** 
[2019-02-12 15:14:59.852] [INFO] console - TypeError: Cannot read property 'then' of undefined
    at Object.params [as getOne] (/Users/roger/Work/bbs/server-client/utils/toSimpleObject.js:16:24)
    at /Users/roger/Work/bbs/server-client/apps/post/app.js:42:24
    at Generator.next (<anonymous>)
    at onFulfilled (/Users/roger/Work/bbs/server-client/node_modules/co/index.js:65:19)
[2019-02-12 15:14:59.860] [ERROR] console - TypeError: Cannot read property 'then' of undefined
    at Object.params [as getOne] (/Users/roger/Work/bbs/server-client/utils/toSimpleObject.js:16:24)
    at /Users/roger/Work/bbs/server-client/apps/post/app.js:42:24
    at Generator.next (<anonymous>)
    at onFulfilled (/Users/roger/Work/bbs/server-client/node_modules/co/index.js:65:19) 'TypeError: Cannot read property \'then\' of undefined\n    at Object.params [as getOne] (/Users/roger/Work/bbs/server-client/utils/toSimpleObject.js:16:24)\n    at /Users/roger/Work/bbs/server-client/apps/post/app.js:42:24\n    at Generator.next (<anonymous>)\n    at onFulfilled (/Users/roger/Work/bbs/server-client/node_modules/co/index.js:65:19)'
[2019-02-12 15:14:59.865] [ERROR] console - (node:6972) [DEP0079] DeprecationWarning: Custom inspection function on Objects via .inspect() is deprecated
[2019-02-12 15:17:32.180] [INFO] console - Express server listening on :8091, in development mode
[2019-02-12 15:17:32.189] [INFO] console - mongo连接成功
[2019-02-12 15:17:32.191] [INFO] console - mongo连接打开
[2019-02-12 15:17:34.264] [INFO] console - 查询条件是 { _id: '5c626f46587f3c5a191967f5' }
[2019-02-12 15:17:34.273] [ERROR] console - (node:7056) DeprecationWarning: Mongoose: mpromise (mongoose's default promise library) is deprecated, plug in your own promise library instead: http://mongoosejs.com/docs/promises.html
[2019-02-12 15:17:41.493] [INFO] console - 删除条件是 { _id: '5c626f46587f3c5a191967f5' }
[2019-02-12 15:17:44.077] [INFO] console - 查询条件是 { _id: '5c626f46587f3c5a191967f5' }
[2019-02-12 15:27:07.268] [INFO] console - 查询条件是 { _id: '5c626cad36c238c718cc0093' }
[2019-02-12 15:28:06.434] [INFO] console - 删除条件是 { _id: '5c626cad36c238c718cc0093' }
[2019-02-12 15:28:21.677] [INFO] console - 删除条件是 { _id: '5c626cad36c238c718cc0093' }
[2019-02-12 15:28:49.298] [INFO] console - Express server listening on :8091, in development mode
[2019-02-12 15:28:49.306] [INFO] console - mongo连接成功
[2019-02-12 15:28:49.308] [INFO] console - mongo连接打开
[2019-02-12 15:42:24.850] [INFO] console - Express server listening on :8091, in development mode
[2019-02-12 15:42:24.859] [INFO] console - mongo连接成功
[2019-02-12 15:42:24.861] [INFO] console - mongo连接打开
[2019-02-12 15:42:33.120] [INFO] console - Express server listening on :8091, in development mode
[2019-02-12 15:42:33.128] [INFO] console - mongo连接成功
[2019-02-12 15:42:33.130] [INFO] console - mongo连接打开
